2023-07-27 07:07:571 INFO  HomePage :33 - Mouse Hoovering on Buy+Sell[[ChromeDriver: chrome on WINDOWS (9b85e79dcc6efa449fd7dfce729e50d9)] -> link text: buy + sell]
2023-07-27 07:07:637 INFO  HomePage :38 - Clicking on Search Cars[[ChromeDriver: chrome on WINDOWS (9b85e79dcc6efa449fd7dfce729e50d9)] -> xpath: //a[contains(text(),'Search Cars')]]
2023-07-27 07:07:778 INFO  NewAndUsedCarPage :47 - Verifying New and Used Car Search page[[ChromeDriver: chrome on WINDOWS (9b85e79dcc6efa449fd7dfce729e50d9)] -> xpath: //h1[contains(text(),'New & Used Car Search - carsguide')]]
2023-07-27 08:07:552 INFO  HomePage :33 - Mouse Hoovering on Buy+Sell[[ChromeDriver: chrome on WINDOWS (c31238440025f8a29097fec0e10a233c)] -> link text: buy + sell]
2023-07-27 08:07:485 INFO  HomePage :38 - Clicking on Search Cars[[ChromeDriver: chrome on WINDOWS (c31238440025f8a29097fec0e10a233c)] -> xpath: //a[contains(text(),'Search Cars')]]
2023-07-27 08:07:705 INFO  NewAndUsedCarPage :47 - Verifying New and Used Car Search page[[ChromeDriver: chrome on WINDOWS (c31238440025f8a29097fec0e10a233c)] -> xpath: //h1[contains(text(),'New & Used Car Search - carsguide')]]
2023-07-27 08:07:945 INFO  HomePage :33 - Mouse Hoovering on Buy+Sell[[ChromeDriver: chrome on WINDOWS (de41a1ab2a0d7ef1efba4617654b8560)] -> link text: buy + sell]
2023-07-27 08:07:700 INFO  HomePage :38 - Clicking on Search Cars[[ChromeDriver: chrome on WINDOWS (de41a1ab2a0d7ef1efba4617654b8560)] -> xpath: //a[contains(text(),'Search Cars')]]
2023-07-27 08:07:267 INFO  NewAndUsedCarPage :47 - Verifying New and Used Car Search page[[ChromeDriver: chrome on WINDOWS (de41a1ab2a0d7ef1efba4617654b8560)] -> xpath: //h1[contains(text(),'New & Used Car Search - carsguide')]]
2023-07-27 08:07:32 INFO  HomePage :33 - Mouse Hoovering on Buy+Sell[[ChromeDriver: chrome on WINDOWS (4a5eac9781860a1b61cc88f52e32f7ba)] -> link text: buy + sell]
2023-07-27 08:07:301 INFO  HomePage :38 - Clicking on Search Cars[[ChromeDriver: chrome on WINDOWS (4a5eac9781860a1b61cc88f52e32f7ba)] -> xpath: //a[contains(text(),'Search Cars')]]
2023-07-27 08:07:589 INFO  NewAndUsedCarPage :47 - Verifying New and Used Car Search page[[ChromeDriver: chrome on WINDOWS (4a5eac9781860a1b61cc88f52e32f7ba)] -> xpath: //h1[contains(text(),'New & Used Car Search - carsguide')]]
2023-07-27 08:07:524 INFO  HomePage :33 - Mouse Hoovering on Buy+Sell[[ChromeDriver: chrome on WINDOWS (2312340fd79b19ae9172390e3f2df8d3)] -> link text: buy + sell]
2023-07-27 08:07:454 INFO  HomePage :38 - Clicking on Search Cars[[ChromeDriver: chrome on WINDOWS (2312340fd79b19ae9172390e3f2df8d3)] -> xpath: //a[contains(text(),'Search Cars')]]
2023-07-27 08:07:735 INFO  NewAndUsedCarPage :47 - Verifying New and Used Car Search page[[ChromeDriver: chrome on WINDOWS (2312340fd79b19ae9172390e3f2df8d3)] -> xpath: //h1[contains(text(),'New & Used Car Search - carsguide')]]
2023-07-27 08:07:591 INFO  HomePage :33 - Mouse Hoovering on Buy+Sell[[ChromeDriver: chrome on WINDOWS (8005b1682715d9f0234c7834e18c47da)] -> link text: buy + sell]
2023-07-27 08:07:800 INFO  HomePage :38 - Clicking on Search Cars[[ChromeDriver: chrome on WINDOWS (8005b1682715d9f0234c7834e18c47da)] -> xpath: //a[contains(text(),'Search Cars')]]
2023-07-27 08:07:987 INFO  NewAndUsedCarPage :47 - Verifying New and Used Car Search page[[ChromeDriver: chrome on WINDOWS (8005b1682715d9f0234c7834e18c47da)] -> xpath: //h1[contains(text(),'New & Used Car Search - carsguide')]]
2023-07-27 08:07:601 INFO  HomePage :33 - Mouse Hoovering on Buy+Sell[[ChromeDriver: chrome on WINDOWS (f3a7f592b70eb86aafbb42f346ad1de6)] -> link text: buy + sell]
2023-07-27 08:07:531 INFO  HomePage :38 - Clicking on Search Cars[[ChromeDriver: chrome on WINDOWS (f3a7f592b70eb86aafbb42f346ad1de6)] -> xpath: //a[contains(text(),'Search Cars')]]
2023-07-27 08:07:217 INFO  NewAndUsedCarPage :47 - Verifying New and Used Car Search page[[ChromeDriver: chrome on WINDOWS (f3a7f592b70eb86aafbb42f346ad1de6)] -> xpath: //h1[contains(text(),'New & Used Car Search - carsguide')]]
2023-07-27 08:07:41 INFO  HomePage :33 - Mouse Hoovering on Buy+Sell[[ChromeDriver: chrome on WINDOWS (98a5989f74e38911e3997be7514652db)] -> link text: buy + sell]
2023-07-27 08:07:814 INFO  HomePage :38 - Clicking on Search Cars[[ChromeDriver: chrome on WINDOWS (98a5989f74e38911e3997be7514652db)] -> xpath: //a[contains(text(),'Search Cars')]]
2023-07-27 08:07:528 INFO  NewAndUsedCarPage :47 - Verifying New and Used Car Search page[[ChromeDriver: chrome on WINDOWS (98a5989f74e38911e3997be7514652db)] -> xpath: //h1[contains(text(),'New & Used Car Search - carsguide')]]
2023-07-27 08:07:733 INFO  HomePage :33 - Mouse Hoovering on Buy+Sell[[ChromeDriver: chrome on WINDOWS (04116fa01493ec64bcb7e8c3ed2c3058)] -> link text: buy + sell]
2023-07-27 08:07:799 INFO  HomePage :38 - Clicking on Search Cars[[ChromeDriver: chrome on WINDOWS (04116fa01493ec64bcb7e8c3ed2c3058)] -> xpath: //a[contains(text(),'Search Cars')]]
2023-07-27 08:07:417 INFO  NewAndUsedCarPage :47 - Verifying New and Used Car Search page[[ChromeDriver: chrome on WINDOWS (04116fa01493ec64bcb7e8c3ed2c3058)] -> xpath: //h1[contains(text(),'New & Used Car Search - carsguide')]]
2023-07-28 18:07:580 INFO  HomePage :33 - Mouse Hoovering on Buy+Sell[[ChromeDriver: chrome on WINDOWS (6e5ac0b405a270479fd9766e892ec2ac)] -> link text: buy + sell]
2023-07-28 18:07:801 INFO  HomePage :38 - Clicking on Search Cars[[ChromeDriver: chrome on WINDOWS (6e5ac0b405a270479fd9766e892ec2ac)] -> xpath: //a[contains(text(),'Search Cars')]]
2023-07-28 18:07:11 INFO  NewAndUsedCarPage :47 - Verifying New and Used Car Search page[[ChromeDriver: chrome on WINDOWS (6e5ac0b405a270479fd9766e892ec2ac)] -> xpath: //h1[contains(text(),'New & Used Car Search - carsguide')]]
2023-07-28 18:07:292 INFO  HomePage :33 - Mouse Hoovering on Buy+Sell[[ChromeDriver: chrome on WINDOWS (70f4ffc6eaf79a78de346689d961006b)] -> link text: buy + sell]
2023-07-28 18:07:696 INFO  HomePage :38 - Clicking on Search Cars[[ChromeDriver: chrome on WINDOWS (70f4ffc6eaf79a78de346689d961006b)] -> xpath: //a[contains(text(),'Search Cars')]]
2023-07-28 18:07:347 INFO  NewAndUsedCarPage :47 - Verifying New and Used Car Search page[[ChromeDriver: chrome on WINDOWS (70f4ffc6eaf79a78de346689d961006b)] -> xpath: //h1[contains(text(),'New & Used Car Search - carsguide')]]
2023-07-28 19:07:372 INFO  HomePage :37 - Mouse Hoovering on Buy+Sell[[ChromeDriver: chrome on WINDOWS (0cf61efe5b14007813b29e16446aa248)] -> link text: buy + sell]
2023-07-28 19:07:448 INFO  HomePage :50 - Clicking on Find a Dealer link[[ChromeDriver: chrome on WINDOWS (0cf61efe5b14007813b29e16446aa248)] -> link text: Find a Dealer]
2023-07-28 19:07:199 INFO  HomePage :37 - Mouse Hoovering on Buy+Sell[[ChromeDriver: chrome on WINDOWS (401f74aac07fa047d79c17c78f341855)] -> link text: buy + sell]
2023-07-28 19:07:790 INFO  HomePage :42 - Clicking on Search Cars[[ChromeDriver: chrome on WINDOWS (401f74aac07fa047d79c17c78f341855)] -> xpath: //a[contains(text(),'Search Cars')]]
2023-07-28 19:07:325 INFO  NewAndUsedCarPage :47 - Verifying New and Used Car Search page[[ChromeDriver: chrome on WINDOWS (401f74aac07fa047d79c17c78f341855)] -> xpath: //h1[contains(text(),'New & Used Car Search - carsguide')]]
2023-07-28 22:07:436 INFO  HomePage :37 - Mouse Hoovering on Buy+Sell[[ChromeDriver: chrome on WINDOWS (98f7a432a8b2ab642693a9073a40fd31)] -> link text: buy + sell]
2023-07-28 22:07:378 INFO  HomePage :50 - Clicking on Find a Dealer link[[ChromeDriver: chrome on WINDOWS (98f7a432a8b2ab642693a9073a40fd31)] -> link text: Find a Dealer]
2023-07-28 22:07:941 INFO  HomePage :37 - Mouse Hoovering on Buy+Sell[[ChromeDriver: chrome on WINDOWS (2688d7509c9e5e6cc895d873589ae050)] -> link text: buy + sell]
2023-07-28 22:07:860 INFO  HomePage :42 - Clicking on Search Cars[[ChromeDriver: chrome on WINDOWS (2688d7509c9e5e6cc895d873589ae050)] -> xpath: //a[contains(text(),'Search Cars')]]
2023-07-28 22:07:839 INFO  NewAndUsedCarPage :47 - Verifying New and Used Car Search page[[ChromeDriver: chrome on WINDOWS (2688d7509c9e5e6cc895d873589ae050)] -> xpath: //h1[contains(text(),'New & Used Car Search - carsguide')]]
2023-07-28 22:07:801 INFO  ResultPage :27 - Verifying the 'make' result[[ChromeDriver: chrome on WINDOWS (2688d7509c9e5e6cc895d873589ae050)] -> xpath: //h1[@class='h1Text search--title']]
2023-07-28 22:07:463 INFO  HomePage :37 - Mouse Hoovering on Buy+Sell[[ChromeDriver: chrome on WINDOWS (c851c2a12e423903a3c296fce8baa979)] -> link text: buy + sell]
2023-07-28 22:07:160 INFO  HomePage :42 - Clicking on Search Cars[[ChromeDriver: chrome on WINDOWS (c851c2a12e423903a3c296fce8baa979)] -> xpath: //a[contains(text(),'Search Cars')]]
2023-07-28 22:07:755 INFO  NewAndUsedCarPage :47 - Verifying New and Used Car Search page[[ChromeDriver: chrome on WINDOWS (c851c2a12e423903a3c296fce8baa979)] -> xpath: //h1[contains(text(),'New & Used Car Search - carsguide')]]
2023-07-28 22:07:850 INFO  ResultPage :27 - Verifying the 'make' result[[ChromeDriver: chrome on WINDOWS (c851c2a12e423903a3c296fce8baa979)] -> xpath: //h1[@class='h1Text search--title']]
2023-07-28 22:07:715 INFO  HomePage :37 - Mouse Hoovering on Buy+Sell[[ChromeDriver: chrome on WINDOWS (a31c1251ad22d0cd6a8ef154298cdd29)] -> link text: buy + sell]
2023-07-28 22:07:127 INFO  HomePage :42 - Clicking on Search Cars[[ChromeDriver: chrome on WINDOWS (a31c1251ad22d0cd6a8ef154298cdd29)] -> xpath: //a[contains(text(),'Search Cars')]]
2023-07-28 22:07:917 INFO  NewAndUsedCarPage :47 - Verifying New and Used Car Search page[[ChromeDriver: chrome on WINDOWS (a31c1251ad22d0cd6a8ef154298cdd29)] -> xpath: //h1[contains(text(),'New & Used Car Search - carsguide')]]
2023-07-28 22:07:400 INFO  ResultPage :27 - Verifying the 'make' result[[ChromeDriver: chrome on WINDOWS (a31c1251ad22d0cd6a8ef154298cdd29)] -> xpath: //h1[@class='h1Text search--title']]
2023-07-28 22:07:942 INFO  HomePage :37 - Mouse Hoovering on Buy+Sell[[ChromeDriver: chrome on WINDOWS (06febc3b11de8663eac7d7d8310c1c74)] -> link text: buy + sell]
2023-07-28 22:07:606 INFO  HomePage :42 - Clicking on Search Cars[[ChromeDriver: chrome on WINDOWS (06febc3b11de8663eac7d7d8310c1c74)] -> xpath: //a[contains(text(),'Search Cars')]]
2023-07-28 22:07:657 INFO  NewAndUsedCarPage :47 - Verifying New and Used Car Search page[[ChromeDriver: chrome on WINDOWS (06febc3b11de8663eac7d7d8310c1c74)] -> xpath: //h1[contains(text(),'New & Used Car Search - carsguide')]]
2023-07-28 22:07:561 INFO  ResultPage :27 - Verifying the 'make' result[[ChromeDriver: chrome on WINDOWS (06febc3b11de8663eac7d7d8310c1c74)] -> xpath: //h1[@class='h1Text search--title']]
2023-07-28 22:07:464 INFO  HomePage :37 - Mouse Hoovering on Buy+Sell[[ChromeDriver: chrome on WINDOWS (f06328571ef2e174f13d93b1a1a26661)] -> link text: buy + sell]
2023-07-28 22:07:157 INFO  HomePage :42 - Clicking on Search Cars[[ChromeDriver: chrome on WINDOWS (f06328571ef2e174f13d93b1a1a26661)] -> xpath: //a[contains(text(),'Search Cars')]]
2023-07-28 22:07:574 INFO  NewAndUsedCarPage :47 - Verifying New and Used Car Search page[[ChromeDriver: chrome on WINDOWS (f06328571ef2e174f13d93b1a1a26661)] -> xpath: //h1[contains(text(),'New & Used Car Search - carsguide')]]
2023-07-28 22:07:155 INFO  ResultPage :27 - Verifying the 'make' result[[ChromeDriver: chrome on WINDOWS (f06328571ef2e174f13d93b1a1a26661)] -> xpath: //h1[@class='h1Text search--title']]
2023-07-28 22:07:06 INFO  HomePage :37 - Mouse Hoovering on Buy+Sell[[ChromeDriver: chrome on WINDOWS (7590a2a6007aa6649fa45d079933ceac)] -> link text: buy + sell]
2023-07-28 22:07:217 INFO  HomePage :42 - Clicking on Search Cars[[ChromeDriver: chrome on WINDOWS (7590a2a6007aa6649fa45d079933ceac)] -> xpath: //a[contains(text(),'Search Cars')]]
2023-07-28 22:07:137 INFO  NewAndUsedCarPage :47 - Verifying New and Used Car Search page[[ChromeDriver: chrome on WINDOWS (7590a2a6007aa6649fa45d079933ceac)] -> xpath: //h1[contains(text(),'New & Used Car Search - carsguide')]]
2023-07-28 22:07:461 INFO  ResultPage :27 - Verifying the 'make' result[[ChromeDriver: chrome on WINDOWS (7590a2a6007aa6649fa45d079933ceac)] -> xpath: //h1[@class='h1Text search--title']]
2023-07-28 22:07:279 INFO  HomePage :37 - Mouse Hoovering on Buy+Sell[[ChromeDriver: chrome on WINDOWS (6b333ec6236dcd455ac2b558fe914029)] -> link text: buy + sell]
2023-07-28 22:07:542 INFO  HomePage :46 - Clicking on Used Cars link[[ChromeDriver: chrome on WINDOWS (6b333ec6236dcd455ac2b558fe914029)] -> link text: Used]
2023-07-28 22:07:765 INFO  ResultPage :27 - Verifying the 'make' result[[ChromeDriver: chrome on WINDOWS (6b333ec6236dcd455ac2b558fe914029)] -> xpath: //h1[@class='h1Text search--title']]
2023-07-28 22:07:03 INFO  HomePage :37 - Mouse Hoovering on Buy+Sell[[ChromeDriver: chrome on WINDOWS (fc39446b90ecd1f0e4369dbe80c5f975)] -> link text: buy + sell]
2023-07-28 22:07:34 INFO  HomePage :46 - Clicking on Used Cars link[[ChromeDriver: chrome on WINDOWS (fc39446b90ecd1f0e4369dbe80c5f975)] -> link text: Used]
2023-07-28 22:07:183 INFO  ResultPage :27 - Verifying the 'make' result[[ChromeDriver: chrome on WINDOWS (fc39446b90ecd1f0e4369dbe80c5f975)] -> xpath: //h1[@class='h1Text search--title']]
2023-07-28 22:07:660 INFO  HomePage :37 - Mouse Hoovering on Buy+Sell[[ChromeDriver: chrome on WINDOWS (dca01e87e9abb8a25c872e1c9e1f046f)] -> link text: buy + sell]
2023-07-28 22:07:533 INFO  HomePage :46 - Clicking on Used Cars link[[ChromeDriver: chrome on WINDOWS (dca01e87e9abb8a25c872e1c9e1f046f)] -> link text: Used]
2023-07-28 22:07:540 INFO  ResultPage :27 - Verifying the 'make' result[[ChromeDriver: chrome on WINDOWS (dca01e87e9abb8a25c872e1c9e1f046f)] -> xpath: //h1[@class='h1Text search--title']]
2023-07-28 22:07:731 INFO  HomePage :37 - Mouse Hoovering on Buy+Sell[[ChromeDriver: chrome on WINDOWS (176165b4a6f17939a7891bceaf63dc73)] -> link text: buy + sell]
2023-07-28 22:07:249 INFO  HomePage :46 - Clicking on Used Cars link[[ChromeDriver: chrome on WINDOWS (176165b4a6f17939a7891bceaf63dc73)] -> link text: Used]
2023-07-28 22:07:921 INFO  ResultPage :27 - Verifying the 'make' result[[ChromeDriver: chrome on WINDOWS (176165b4a6f17939a7891bceaf63dc73)] -> xpath: //h1[@class='h1Text search--title']]
2023-07-28 22:07:113 INFO  HomePage :37 - Mouse Hoovering on Buy+Sell[[ChromeDriver: chrome on WINDOWS (a538dbcc585f3e56628381978b123b83)] -> link text: buy + sell]
2023-07-28 22:07:476 INFO  HomePage :46 - Clicking on Used Cars link[[ChromeDriver: chrome on WINDOWS (a538dbcc585f3e56628381978b123b83)] -> link text: Used]
2023-07-28 22:07:369 INFO  ResultPage :27 - Verifying the 'make' result[[ChromeDriver: chrome on WINDOWS (a538dbcc585f3e56628381978b123b83)] -> xpath: //h1[@class='h1Text search--title']]
2023-07-28 22:07:412 INFO  HomePage :37 - Mouse Hoovering on Buy+Sell[[ChromeDriver: chrome on WINDOWS (5a7f7dedbb4d0f00b5b75c7ea3787c38)] -> link text: buy + sell]
2023-07-28 22:07:653 INFO  HomePage :46 - Clicking on Used Cars link[[ChromeDriver: chrome on WINDOWS (5a7f7dedbb4d0f00b5b75c7ea3787c38)] -> link text: Used]
2023-07-28 22:07:621 INFO  ResultPage :27 - Verifying the 'make' result[[ChromeDriver: chrome on WINDOWS (5a7f7dedbb4d0f00b5b75c7ea3787c38)] -> xpath: //h1[@class='h1Text search--title']]
2023-07-28 22:07:662 INFO  HomePage :37 - Mouse Hoovering on Buy+Sell[[ChromeDriver: chrome on WINDOWS (de9e048cd3f27161284ca33870026e1a)] -> link text: buy + sell]
2023-07-28 22:07:312 INFO  HomePage :42 - Clicking on Search Cars[[ChromeDriver: chrome on WINDOWS (de9e048cd3f27161284ca33870026e1a)] -> xpath: //a[contains(text(),'Search Cars')]]
2023-07-28 22:07:520 INFO  NewAndUsedCarPage :47 - Verifying New and Used Car Search page[[ChromeDriver: chrome on WINDOWS (de9e048cd3f27161284ca33870026e1a)] -> xpath: //h1[contains(text(),'New & Used Car Search - carsguide')]]
2023-07-28 22:07:659 INFO  ResultPage :27 - Verifying the 'make' result[[ChromeDriver: chrome on WINDOWS (de9e048cd3f27161284ca33870026e1a)] -> class name: makeFilter]
2023-07-28 22:07:949 INFO  HomePage :37 - Mouse Hoovering on Buy+Sell[[ChromeDriver: chrome on WINDOWS (7fb8bc14273f37db7c67bf1217d38772)] -> link text: buy + sell]
2023-07-28 22:07:909 INFO  HomePage :37 - Mouse Hoovering on Buy+Sell[[ChromeDriver: chrome on WINDOWS (96d59701898a9769da558a9f577bb5b8)] -> link text: buy + sell]
2023-07-28 22:07:310 INFO  HomePage :42 - Clicking on Search Cars[[ChromeDriver: chrome on WINDOWS (96d59701898a9769da558a9f577bb5b8)] -> xpath: //a[contains(text(),'Search Cars')]]
2023-07-28 22:07:480 INFO  NewAndUsedCarPage :47 - Verifying New and Used Car Search page[[ChromeDriver: chrome on WINDOWS (96d59701898a9769da558a9f577bb5b8)] -> xpath: //h1[contains(text(),'New & Used Car Search - carsguide')]]
2023-07-28 22:07:693 INFO  ResultPage :27 - Verifying the 'make' result[[ChromeDriver: chrome on WINDOWS (96d59701898a9769da558a9f577bb5b8)] -> class name: makeFilter]
2023-07-28 22:07:806 INFO  HomePage :37 - Mouse Hoovering on Buy+Sell[[ChromeDriver: chrome on WINDOWS (0400b375ace0ce91183202f2bf26ceeb)] -> link text: buy + sell]
2023-07-28 22:07:907 INFO  HomePage :42 - Clicking on Search Cars[[ChromeDriver: chrome on WINDOWS (0400b375ace0ce91183202f2bf26ceeb)] -> xpath: //a[contains(text(),'Search Cars')]]
2023-07-28 22:07:212 INFO  NewAndUsedCarPage :47 - Verifying New and Used Car Search page[[ChromeDriver: chrome on WINDOWS (0400b375ace0ce91183202f2bf26ceeb)] -> xpath: //h1[contains(text(),'New & Used Car Search - carsguide')]]
2023-07-28 22:07:276 INFO  ResultPage :27 - Verifying the 'make' result[[ChromeDriver: chrome on WINDOWS (0400b375ace0ce91183202f2bf26ceeb)] -> class name: makeFilter]
2023-07-28 22:07:506 INFO  HomePage :37 - Mouse Hoovering on Buy+Sell[[ChromeDriver: chrome on WINDOWS (3ac02d427332f6b478b8cca51bfe5f6c)] -> link text: buy + sell]
2023-07-28 22:07:951 INFO  HomePage :42 - Clicking on Search Cars[[ChromeDriver: chrome on WINDOWS (3ac02d427332f6b478b8cca51bfe5f6c)] -> xpath: //a[contains(text(),'Search Cars')]]
2023-07-28 22:07:229 INFO  NewAndUsedCarPage :47 - Verifying New and Used Car Search page[[ChromeDriver: chrome on WINDOWS (3ac02d427332f6b478b8cca51bfe5f6c)] -> xpath: //h1[contains(text(),'New & Used Car Search - carsguide')]]
2023-07-28 22:07:634 INFO  ResultPage :27 - Verifying the 'make' result[[ChromeDriver: chrome on WINDOWS (3ac02d427332f6b478b8cca51bfe5f6c)] -> class name: makeFilter]
2023-07-28 22:07:244 INFO  HomePage :37 - Mouse Hoovering on Buy+Sell[[ChromeDriver: chrome on WINDOWS (5b4179e30dfa871a2fccfef61cffe9b0)] -> link text: buy + sell]
2023-07-28 22:07:266 INFO  HomePage :42 - Clicking on Search Cars[[ChromeDriver: chrome on WINDOWS (5b4179e30dfa871a2fccfef61cffe9b0)] -> xpath: //a[contains(text(),'Search Cars')]]
2023-07-28 22:07:137 INFO  NewAndUsedCarPage :47 - Verifying New and Used Car Search page[[ChromeDriver: chrome on WINDOWS (5b4179e30dfa871a2fccfef61cffe9b0)] -> xpath: //h1[contains(text(),'New & Used Car Search - carsguide')]]
2023-07-28 22:07:717 INFO  ResultPage :27 - Verifying the 'make' result[[ChromeDriver: chrome on WINDOWS (5b4179e30dfa871a2fccfef61cffe9b0)] -> class name: makeFilter]
2023-07-28 22:07:87 INFO  HomePage :37 - Mouse Hoovering on Buy+Sell[[ChromeDriver: chrome on WINDOWS (ed680f397972839eea8e407977f4ef60)] -> link text: buy + sell]
2023-07-28 22:07:659 INFO  HomePage :46 - Clicking on Used Cars link[[ChromeDriver: chrome on WINDOWS (ed680f397972839eea8e407977f4ef60)] -> link text: Used]
2023-07-28 22:07:632 INFO  HomePage :37 - Mouse Hoovering on Buy+Sell[[ChromeDriver: chrome on WINDOWS (6d4df056380d6717c79113ae5fea6677)] -> link text: buy + sell]
2023-07-28 22:07:352 INFO  HomePage :50 - Clicking on Find a Dealer link[[ChromeDriver: chrome on WINDOWS (6d4df056380d6717c79113ae5fea6677)] -> link text: Find a Dealer]
2023-07-28 22:07:883 INFO  CarDealersPage :35 - Verifying dealers name is displayed on page: []
2023-07-28 22:07:781 INFO  HomePage :37 - Mouse Hoovering on Buy+Sell[[ChromeDriver: chrome on WINDOWS (68e14b25e6140679dded9056e629767c)] -> link text: buy + sell]
2023-07-28 22:07:689 INFO  HomePage :50 - Clicking on Find a Dealer link[[ChromeDriver: chrome on WINDOWS (68e14b25e6140679dded9056e629767c)] -> link text: Find a Dealer]
2023-07-28 22:07:868 INFO  CarDealersPage :35 - Verifying dealers name is displayed on page: []
2023-07-28 22:07:988 INFO  HomePage :37 - Mouse Hoovering on Buy+Sell[[ChromeDriver: chrome on WINDOWS (8ef33247c3f33bb87a45667c490aa5aa)] -> link text: buy + sell]
2023-07-28 22:07:906 INFO  HomePage :50 - Clicking on Find a Dealer link[[ChromeDriver: chrome on WINDOWS (8ef33247c3f33bb87a45667c490aa5aa)] -> link text: Find a Dealer]
2023-07-28 22:07:862 INFO  CarDealersPage :35 - Verifying dealers name is displayed on page: []
2023-07-28 22:07:183 INFO  HomePage :37 - Mouse Hoovering on Buy+Sell[[ChromeDriver: chrome on WINDOWS (79996b2d9c2f971402a5e667250e78b6)] -> link text: buy + sell]
2023-07-28 22:07:245 INFO  HomePage :50 - Clicking on Find a Dealer link[[ChromeDriver: chrome on WINDOWS (79996b2d9c2f971402a5e667250e78b6)] -> link text: Find a Dealer]
2023-07-28 22:07:374 INFO  CarDealersPage :35 - Verifying dealers name is displayed on page: []
2023-07-28 22:07:312 INFO  HomePage :37 - Mouse Hoovering on Buy+Sell[[ChromeDriver: chrome on WINDOWS (c70b7417b3f67bd963dccb70e8254fd0)] -> link text: buy + sell]
2023-07-28 22:07:539 INFO  HomePage :50 - Clicking on Find a Dealer link[[ChromeDriver: chrome on WINDOWS (c70b7417b3f67bd963dccb70e8254fd0)] -> link text: Find a Dealer]
2023-07-28 22:07:685 INFO  CarDealersPage :35 - Verifying dealers name is displayed on page: []
2023-07-28 22:07:708 INFO  HomePage :37 - Mouse Hoovering on Buy+Sell[[ChromeDriver: chrome on WINDOWS (985746bd39d47f9755c9da4572e3da78)] -> link text: buy + sell]
2023-07-28 22:07:340 INFO  HomePage :50 - Clicking on Find a Dealer link[[ChromeDriver: chrome on WINDOWS (985746bd39d47f9755c9da4572e3da78)] -> link text: Find a Dealer]
2023-07-28 22:07:490 INFO  CarDealersPage :35 - Verifying dealers name is displayed on page: []
2023-07-28 22:07:617 INFO  HomePage :37 - Mouse Hoovering on Buy+Sell[[ChromeDriver: chrome on WINDOWS (ed29e2c30be8ea334ad6a0dc7470302a)] -> link text: buy + sell]
2023-07-28 22:07:130 INFO  HomePage :50 - Clicking on Find a Dealer link[[ChromeDriver: chrome on WINDOWS (ed29e2c30be8ea334ad6a0dc7470302a)] -> link text: Find a Dealer]
2023-07-28 22:07:320 INFO  CarDealersPage :35 - Verifying dealers name is displayed on page: []
